<?xml version="1.0" encoding="UTF-8"?>
<testsuite xmlns:xsi="http://www.w3.org/2001/XMLSchema-instance" xsi:noNamespaceSchemaLocation="https://maven.apache.org/surefire/maven-surefire-plugin/xsd/surefire-test-report-3.0.xsd" version="3.0" name="cat.iesesteveterradas.MainTest" time="0.033" tests="1" errors="0" skipped="0" failures="0">
  <properties>
    <property name="java.specification.version" value="21"/>
    <property name="sun.cpu.isalist" value="amd64"/>
    <property name="sun.jnu.encoding" value="UTF-8"/>
    <property name="java.class.path" value="A:\AMS2\M6\MP06 UF3 A3.1 01 PR3.2  Col路leccions de dades\target\test-classes;A:\AMS2\M6\MP06 UF3 A3.1 01 PR3.2  Col路leccions de dades\target\classes;C:\Users\compo\.m2\repository\org\apache\pdfbox\pdfbox\3.0.2\pdfbox-3.0.2.jar;C:\Users\compo\.m2\repository\org\apache\pdfbox\pdfbox-io\3.0.2\pdfbox-io-3.0.2.jar;C:\Users\compo\.m2\repository\commons-logging\commons-logging\1.3.0\commons-logging-1.3.0.jar;C:\Users\compo\.m2\repository\org\apache\pdfbox\fontbox\3.0.2\fontbox-3.0.2.jar;C:\Users\compo\.m2\repository\org\mongodb\mongodb-driver-sync\5.0.0\mongodb-driver-sync-5.0.0.jar;C:\Users\compo\.m2\repository\org\mongodb\bson\5.0.0\bson-5.0.0.jar;C:\Users\compo\.m2\repository\org\mongodb\mongodb-driver-core\5.0.0\mongodb-driver-core-5.0.0.jar;C:\Users\compo\.m2\repository\org\mongodb\bson-record-codec\5.0.0\bson-record-codec-5.0.0.jar;C:\Users\compo\.m2\repository\org\basex\basex-api\10.7\basex-api-10.7.jar;C:\Users\compo\.m2\repository\org\basex\basex\10.7\basex-10.7.jar;C:\Users\compo\.m2\repository\net\xqj\basex-xqj\10.0\basex-xqj-10.0.jar;C:\Users\compo\.m2\repository\javax\xml\xquery\xqj-api\1.0\xqj-api-1.0.jar;C:\Users\compo\.m2\repository\com\xqj2\xqj2\0.2.0\xqj2-0.2.0.jar;C:\Users\compo\.m2\repository\com\thoughtworks\xstream\xstream\1.4.2\xstream-1.4.2.jar;C:\Users\compo\.m2\repository\xmlpull\xmlpull\1.1.3.1\xmlpull-1.1.3.1.jar;C:\Users\compo\.m2\repository\xpp3\xpp3_min\1.1.4c\xpp3_min-1.1.4c.jar;C:\Users\compo\.m2\repository\org\xmldb\xmldb-api\1.0\xmldb-api-1.0.jar;C:\Users\compo\.m2\repository\com\ettrema\milton-api\1.8.1.4\milton-api-1.8.1.4.jar;C:\Users\compo\.m2\repository\org\jdom\jdom\1.1\jdom-1.1.jar;C:\Users\compo\.m2\repository\commons-codec\commons-codec\1.4\commons-codec-1.4.jar;C:\Users\compo\.m2\repository\commons-io\commons-io\1.4\commons-io-1.4.jar;C:\Users\compo\.m2\repository\eu\medsea\mimeutil\mime-util\2.1.3\mime-util-2.1.3.jar;C:\Users\compo\.m2\repository\commons-fileupload\commons-fileupload\1.5\commons-fileupload-1.5.jar;C:\Users\compo\.m2\repository\org\slf4j\slf4j-simple\1.7.36\slf4j-simple-1.7.36.jar;C:\Users\compo\.m2\repository\org\apache\opennlp\opennlp-tools\2.3.2\opennlp-tools-2.3.2.jar;C:\Users\compo\.m2\repository\org\slf4j\slf4j-api\1.7.36\slf4j-api-1.7.36.jar;C:\Users\compo\.m2\repository\edu\stanford\nlp\stanford-corenlp\4.5.6\stanford-corenlp-4.5.6.jar;C:\Users\compo\.m2\repository\com\apple\AppleJavaExtensions\1.4\AppleJavaExtensions-1.4.jar;C:\Users\compo\.m2\repository\de\jollyday\jollyday\0.4.9\jollyday-0.4.9.jar;C:\Users\compo\.m2\repository\org\apache\commons\commons-lang3\3.3.1\commons-lang3-3.3.1.jar;C:\Users\compo\.m2\repository\org\apache\lucene\lucene-queryparser\7.5.0\lucene-queryparser-7.5.0.jar;C:\Users\compo\.m2\repository\org\apache\lucene\lucene-queries\7.5.0\lucene-queries-7.5.0.jar;C:\Users\compo\.m2\repository\org\apache\lucene\lucene-sandbox\7.5.0\lucene-sandbox-7.5.0.jar;C:\Users\compo\.m2\repository\org\apache\lucene\lucene-analyzers-common\7.5.0\lucene-analyzers-common-7.5.0.jar;C:\Users\compo\.m2\repository\org\apache\lucene\lucene-core\7.5.0\lucene-core-7.5.0.jar;C:\Users\compo\.m2\repository\jakarta\servlet\jakarta.servlet-api\4.0.4\jakarta.servlet-api-4.0.4.jar;C:\Users\compo\.m2\repository\xom\xom\1.3.9\xom-1.3.9.jar;C:\Users\compo\.m2\repository\xerces\xercesImpl\2.12.2\xercesImpl-2.12.2.jar;C:\Users\compo\.m2\repository\xml-apis\xml-apis\1.4.01\xml-apis-1.4.01.jar;C:\Users\compo\.m2\repository\xalan\xalan\2.7.3\xalan-2.7.3.jar;C:\Users\compo\.m2\repository\xalan\serializer\2.7.3\serializer-2.7.3.jar;C:\Users\compo\.m2\repository\joda-time\joda-time\2.10.5\joda-time-2.10.5.jar;C:\Users\compo\.m2\repository\org\ejml\ejml-core\0.39\ejml-core-0.39.jar;C:\Users\compo\.m2\repository\com\google\code\findbugs\jsr305\3.0.2\jsr305-3.0.2.jar;C:\Users\compo\.m2\repository\org\ejml\ejml-ddense\0.39\ejml-ddense-0.39.jar;C:\Users\compo\.m2\repository\org\ejml\ejml-simple\0.39\ejml-simple-0.39.jar;C:\Users\compo\.m2\repository\org\ejml\ejml-fdense\0.39\ejml-fdense-0.39.jar;C:\Users\compo\.m2\repository\org\ejml\ejml-cdense\0.39\ejml-cdense-0.39.jar;C:\Users\compo\.m2\repository\org\ejml\ejml-zdense\0.39\ejml-zdense-0.39.jar;C:\Users\compo\.m2\repository\org\ejml\ejml-dsparse\0.39\ejml-dsparse-0.39.jar;C:\Users\compo\.m2\repository\org\ejml\ejml-fsparse\0.39\ejml-fsparse-0.39.jar;C:\Users\compo\.m2\repository\com\google\protobuf\protobuf-java\3.19.6\protobuf-java-3.19.6.jar;C:\Users\compo\.m2\repository\javax\activation\javax.activation-api\1.2.0\javax.activation-api-1.2.0.jar;C:\Users\compo\.m2\repository\javax\xml\bind\jaxb-api\2.4.0-b180830.0359\jaxb-api-2.4.0-b180830.0359.jar;C:\Users\compo\.m2\repository\com\sun\istack\istack-commons-runtime\3.0.7\istack-commons-runtime-3.0.7.jar;C:\Users\compo\.m2\repository\com\sun\xml\bind\jaxb-impl\2.4.0-b180830.0438\jaxb-impl-2.4.0-b180830.0438.jar;C:\Users\compo\.m2\repository\com\googlecode\json-simple\json-simple\1.1.1\json-simple-1.1.1.jar;C:\Users\compo\.m2\repository\junit\junit\4.10\junit-4.10.jar;C:\Users\compo\.m2\repository\org\hamcrest\hamcrest-core\1.1\hamcrest-core-1.1.jar;C:\Users\compo\.m2\repository\edu\stanford\nlp\stanford-corenlp\4.5.6\stanford-corenlp-4.5.6-models.jar;C:\Users\compo\.m2\repository\org\jsoup\jsoup\1.14.3\jsoup-1.14.3.jar;C:\Users\compo\.m2\repository\org\json\json\20240303\json-20240303.jar;C:\Users\compo\.m2\repository\javax\json\javax.json-api\1.1.4\javax.json-api-1.1.4.jar;C:\Users\compo\.m2\repository\org\glassfish\javax.json\1.1.4\javax.json-1.1.4.jar;C:\Users\compo\.m2\repository\com\fasterxml\jackson\core\jackson-core\2.15.3\jackson-core-2.15.3.jar;C:\Users\compo\.m2\repository\com\fasterxml\jackson\core\jackson-databind\2.15.3\jackson-databind-2.15.3.jar;C:\Users\compo\.m2\repository\com\fasterxml\jackson\core\jackson-annotations\2.15.3\jackson-annotations-2.15.3.jar;C:\Users\compo\.m2\repository\ch\qos\logback\logback-classic\1.4.14\logback-classic-1.4.14.jar;C:\Users\compo\.m2\repository\ch\qos\logback\logback-core\1.4.14\logback-core-1.4.14.jar;C:\Users\compo\.m2\repository\org\junit\jupiter\junit-jupiter\5.10.0\junit-jupiter-5.10.0.jar;C:\Users\compo\.m2\repository\org\junit\jupiter\junit-jupiter-api\5.10.0\junit-jupiter-api-5.10.0.jar;C:\Users\compo\.m2\repository\org\opentest4j\opentest4j\1.3.0\opentest4j-1.3.0.jar;C:\Users\compo\.m2\repository\org\junit\platform\junit-platform-commons\1.10.0\junit-platform-commons-1.10.0.jar;C:\Users\compo\.m2\repository\org\apiguardian\apiguardian-api\1.1.2\apiguardian-api-1.1.2.jar;C:\Users\compo\.m2\repository\org\junit\jupiter\junit-jupiter-params\5.10.0\junit-jupiter-params-5.10.0.jar;C:\Users\compo\.m2\repository\org\junit\jupiter\junit-jupiter-engine\5.10.0\junit-jupiter-engine-5.10.0.jar;C:\Users\compo\.m2\repository\org\junit\platform\junit-platform-engine\1.10.0\junit-platform-engine-1.10.0.jar;"/>
    <property name="java.vm.vendor" value="Oracle Corporation"/>
    <property name="sun.arch.data.model" value="64"/>
    <property name="user.variant" value=""/>
    <property name="java.vendor.url" value="https://java.oracle.com/"/>
    <property name="user.timezone" value="Europe/Madrid"/>
    <property name="os.name" value="Windows 11"/>
    <property name="java.vm.specification.version" value="21"/>
    <property name="sun.java.launcher" value="SUN_STANDARD"/>
    <property name="user.country" value="CN"/>
    <property name="sun.boot.library.path" value="C:\Java\jdk-21\bin"/>
    <property name="sun.java.command" value="C:\Users\compo\AppData\Local\Temp\surefire2230141424909360456\surefirebooter-20240411182758354_3.jar C:\Users\compo\AppData\Local\Temp\surefire2230141424909360456 2024-04-11T18-27-58_255-jvmRun1 surefire-20240411182758354_1tmp surefire_0-20240411182758354_2tmp"/>
    <property name="jdk.debug" value="release"/>
    <property name="surefire.test.class.path" value="A:\AMS2\M6\MP06 UF3 A3.1 01 PR3.2  Col路leccions de dades\target\test-classes;A:\AMS2\M6\MP06 UF3 A3.1 01 PR3.2  Col路leccions de dades\target\classes;C:\Users\compo\.m2\repository\org\apache\pdfbox\pdfbox\3.0.2\pdfbox-3.0.2.jar;C:\Users\compo\.m2\repository\org\apache\pdfbox\pdfbox-io\3.0.2\pdfbox-io-3.0.2.jar;C:\Users\compo\.m2\repository\commons-logging\commons-logging\1.3.0\commons-logging-1.3.0.jar;C:\Users\compo\.m2\repository\org\apache\pdfbox\fontbox\3.0.2\fontbox-3.0.2.jar;C:\Users\compo\.m2\repository\org\mongodb\mongodb-driver-sync\5.0.0\mongodb-driver-sync-5.0.0.jar;C:\Users\compo\.m2\repository\org\mongodb\bson\5.0.0\bson-5.0.0.jar;C:\Users\compo\.m2\repository\org\mongodb\mongodb-driver-core\5.0.0\mongodb-driver-core-5.0.0.jar;C:\Users\compo\.m2\repository\org\mongodb\bson-record-codec\5.0.0\bson-record-codec-5.0.0.jar;C:\Users\compo\.m2\repository\org\basex\basex-api\10.7\basex-api-10.7.jar;C:\Users\compo\.m2\repository\org\basex\basex\10.7\basex-10.7.jar;C:\Users\compo\.m2\repository\net\xqj\basex-xqj\10.0\basex-xqj-10.0.jar;C:\Users\compo\.m2\repository\javax\xml\xquery\xqj-api\1.0\xqj-api-1.0.jar;C:\Users\compo\.m2\repository\com\xqj2\xqj2\0.2.0\xqj2-0.2.0.jar;C:\Users\compo\.m2\repository\com\thoughtworks\xstream\xstream\1.4.2\xstream-1.4.2.jar;C:\Users\compo\.m2\repository\xmlpull\xmlpull\1.1.3.1\xmlpull-1.1.3.1.jar;C:\Users\compo\.m2\repository\xpp3\xpp3_min\1.1.4c\xpp3_min-1.1.4c.jar;C:\Users\compo\.m2\repository\org\xmldb\xmldb-api\1.0\xmldb-api-1.0.jar;C:\Users\compo\.m2\repository\com\ettrema\milton-api\1.8.1.4\milton-api-1.8.1.4.jar;C:\Users\compo\.m2\repository\org\jdom\jdom\1.1\jdom-1.1.jar;C:\Users\compo\.m2\repository\commons-codec\commons-codec\1.4\commons-codec-1.4.jar;C:\Users\compo\.m2\repository\commons-io\commons-io\1.4\commons-io-1.4.jar;C:\Users\compo\.m2\repository\eu\medsea\mimeutil\mime-util\2.1.3\mime-util-2.1.3.jar;C:\Users\compo\.m2\repository\commons-fileupload\commons-fileupload\1.5\commons-fileupload-1.5.jar;C:\Users\compo\.m2\repository\org\slf4j\slf4j-simple\1.7.36\slf4j-simple-1.7.36.jar;C:\Users\compo\.m2\repository\org\apache\opennlp\opennlp-tools\2.3.2\opennlp-tools-2.3.2.jar;C:\Users\compo\.m2\repository\org\slf4j\slf4j-api\1.7.36\slf4j-api-1.7.36.jar;C:\Users\compo\.m2\repository\edu\stanford\nlp\stanford-corenlp\4.5.6\stanford-corenlp-4.5.6.jar;C:\Users\compo\.m2\repository\com\apple\AppleJavaExtensions\1.4\AppleJavaExtensions-1.4.jar;C:\Users\compo\.m2\repository\de\jollyday\jollyday\0.4.9\jollyday-0.4.9.jar;C:\Users\compo\.m2\repository\org\apache\commons\commons-lang3\3.3.1\commons-lang3-3.3.1.jar;C:\Users\compo\.m2\repository\org\apache\lucene\lucene-queryparser\7.5.0\lucene-queryparser-7.5.0.jar;C:\Users\compo\.m2\repository\org\apache\lucene\lucene-queries\7.5.0\lucene-queries-7.5.0.jar;C:\Users\compo\.m2\repository\org\apache\lucene\lucene-sandbox\7.5.0\lucene-sandbox-7.5.0.jar;C:\Users\compo\.m2\repository\org\apache\lucene\lucene-analyzers-common\7.5.0\lucene-analyzers-common-7.5.0.jar;C:\Users\compo\.m2\repository\org\apache\lucene\lucene-core\7.5.0\lucene-core-7.5.0.jar;C:\Users\compo\.m2\repository\jakarta\servlet\jakarta.servlet-api\4.0.4\jakarta.servlet-api-4.0.4.jar;C:\Users\compo\.m2\repository\xom\xom\1.3.9\xom-1.3.9.jar;C:\Users\compo\.m2\repository\xerces\xercesImpl\2.12.2\xercesImpl-2.12.2.jar;C:\Users\compo\.m2\repository\xml-apis\xml-apis\1.4.01\xml-apis-1.4.01.jar;C:\Users\compo\.m2\repository\xalan\xalan\2.7.3\xalan-2.7.3.jar;C:\Users\compo\.m2\repository\xalan\serializer\2.7.3\serializer-2.7.3.jar;C:\Users\compo\.m2\repository\joda-time\joda-time\2.10.5\joda-time-2.10.5.jar;C:\Users\compo\.m2\repository\org\ejml\ejml-core\0.39\ejml-core-0.39.jar;C:\Users\compo\.m2\repository\com\google\code\findbugs\jsr305\3.0.2\jsr305-3.0.2.jar;C:\Users\compo\.m2\repository\org\ejml\ejml-ddense\0.39\ejml-ddense-0.39.jar;C:\Users\compo\.m2\repository\org\ejml\ejml-simple\0.39\ejml-simple-0.39.jar;C:\Users\compo\.m2\repository\org\ejml\ejml-fdense\0.39\ejml-fdense-0.39.jar;C:\Users\compo\.m2\repository\org\ejml\ejml-cdense\0.39\ejml-cdense-0.39.jar;C:\Users\compo\.m2\repository\org\ejml\ejml-zdense\0.39\ejml-zdense-0.39.jar;C:\Users\compo\.m2\repository\org\ejml\ejml-dsparse\0.39\ejml-dsparse-0.39.jar;C:\Users\compo\.m2\repository\org\ejml\ejml-fsparse\0.39\ejml-fsparse-0.39.jar;C:\Users\compo\.m2\repository\com\google\protobuf\protobuf-java\3.19.6\protobuf-java-3.19.6.jar;C:\Users\compo\.m2\repository\javax\activation\javax.activation-api\1.2.0\javax.activation-api-1.2.0.jar;C:\Users\compo\.m2\repository\javax\xml\bind\jaxb-api\2.4.0-b180830.0359\jaxb-api-2.4.0-b180830.0359.jar;C:\Users\compo\.m2\repository\com\sun\istack\istack-commons-runtime\3.0.7\istack-commons-runtime-3.0.7.jar;C:\Users\compo\.m2\repository\com\sun\xml\bind\jaxb-impl\2.4.0-b180830.0438\jaxb-impl-2.4.0-b180830.0438.jar;C:\Users\compo\.m2\repository\com\googlecode\json-simple\json-simple\1.1.1\json-simple-1.1.1.jar;C:\Users\compo\.m2\repository\junit\junit\4.10\junit-4.10.jar;C:\Users\compo\.m2\repository\org\hamcrest\hamcrest-core\1.1\hamcrest-core-1.1.jar;C:\Users\compo\.m2\repository\edu\stanford\nlp\stanford-corenlp\4.5.6\stanford-corenlp-4.5.6-models.jar;C:\Users\compo\.m2\repository\org\jsoup\jsoup\1.14.3\jsoup-1.14.3.jar;C:\Users\compo\.m2\repository\org\json\json\20240303\json-20240303.jar;C:\Users\compo\.m2\repository\javax\json\javax.json-api\1.1.4\javax.json-api-1.1.4.jar;C:\Users\compo\.m2\repository\org\glassfish\javax.json\1.1.4\javax.json-1.1.4.jar;C:\Users\compo\.m2\repository\com\fasterxml\jackson\core\jackson-core\2.15.3\jackson-core-2.15.3.jar;C:\Users\compo\.m2\repository\com\fasterxml\jackson\core\jackson-databind\2.15.3\jackson-databind-2.15.3.jar;C:\Users\compo\.m2\repository\com\fasterxml\jackson\core\jackson-annotations\2.15.3\jackson-annotations-2.15.3.jar;C:\Users\compo\.m2\repository\ch\qos\logback\logback-classic\1.4.14\logback-classic-1.4.14.jar;C:\Users\compo\.m2\repository\ch\qos\logback\logback-core\1.4.14\logback-core-1.4.14.jar;C:\Users\compo\.m2\repository\org\junit\jupiter\junit-jupiter\5.10.0\junit-jupiter-5.10.0.jar;C:\Users\compo\.m2\repository\org\junit\jupiter\junit-jupiter-api\5.10.0\junit-jupiter-api-5.10.0.jar;C:\Users\compo\.m2\repository\org\opentest4j\opentest4j\1.3.0\opentest4j-1.3.0.jar;C:\Users\compo\.m2\repository\org\junit\platform\junit-platform-commons\1.10.0\junit-platform-commons-1.10.0.jar;C:\Users\compo\.m2\repository\org\apiguardian\apiguardian-api\1.1.2\apiguardian-api-1.1.2.jar;C:\Users\compo\.m2\repository\org\junit\jupiter\junit-jupiter-params\5.10.0\junit-jupiter-params-5.10.0.jar;C:\Users\compo\.m2\repository\org\junit\jupiter\junit-jupiter-engine\5.10.0\junit-jupiter-engine-5.10.0.jar;C:\Users\compo\.m2\repository\org\junit\platform\junit-platform-engine\1.10.0\junit-platform-engine-1.10.0.jar;"/>
    <property name="sun.cpu.endian" value="little"/>
    <property name="user.home" value="C:\Users\compo"/>
    <property name="user.language" value="zh"/>
    <property name="java.specification.vendor" value="Oracle Corporation"/>
    <property name="java.version.date" value="2023-10-17"/>
    <property name="java.home" value="C:\Java\jdk-21"/>
    <property name="file.separator" value="\"/>
    <property name="basedir" value="A:\AMS2\M6\MP06 UF3 A3.1 01 PR3.2  Col路leccions de dades"/>
    <property name="java.vm.compressedOopsMode" value="Zero based"/>
    <property name="line.separator" value="&#10;"/>
    <property name="java.vm.specification.vendor" value="Oracle Corporation"/>
    <property name="java.specification.name" value="Java Platform API Specification"/>
    <property name="surefire.real.class.path" value="C:\Users\compo\AppData\Local\Temp\surefire2230141424909360456\surefirebooter-20240411182758354_3.jar"/>
    <property name="user.script" value=""/>
    <property name="sun.management.compiler" value="HotSpot 64-Bit Tiered Compilers"/>
    <property name="java.runtime.version" value="21.0.1+12-LTS-29"/>
    <property name="user.name" value="compo"/>
    <property name="stdout.encoding" value="UTF-8"/>
    <property name="path.separator" value=";"/>
    <property name="os.version" value="10.0"/>
    <property name="java.runtime.name" value="Java(TM) SE Runtime Environment"/>
    <property name="file.encoding" value="UTF-8"/>
    <property name="java.vm.name" value="Java HotSpot(TM) 64-Bit Server VM"/>
    <property name="localRepository" value="C:\Users\compo\.m2\repository"/>
    <property name="java.vendor.url.bug" value="https://bugreport.java.com/bugreport/"/>
    <property name="java.io.tmpdir" value="C:\Users\compo\AppData\Local\Temp\"/>
    <property name="java.version" value="21.0.1"/>
    <property name="user.dir" value="A:\AMS2\M6\MP06 UF3 A3.1 01 PR3.2  Col路leccions de dades"/>
    <property name="os.arch" value="amd64"/>
    <property name="java.vm.specification.name" value="Java Virtual Machine Specification"/>
    <property name="sun.os.patch.level" value=""/>
    <property name="native.encoding" value="UTF-8"/>
    <property name="java.library.path" value="C:\Java\jdk-21\bin;C:\Windows\Sun\Java\bin;C:\Windows\system32;C:\Windows;C:\Python312\Scripts\;C:\Python312\;C:\Windows\system32;C:\Windows;C:\Windows\System32\Wbem;C:\Windows\System32\WindowsPowerShell\v1.0\;C:\Windows\System32\OpenSSH\;C:\Program Files\dotnet\;C:\Program Files (x86)\NVIDIA Corporation\PhysX\Common;C:\Program Files\NVIDIA Corporation\NVIDIA NvDLISR;C:\apache-maven-3.9.5\bin;C:\flutter\bin;C:\platform-tools;C:\PortableGit\bin;C:\Java\javafx-sdk-21.0.1\lib;C:\Java\jdk-21\bin;C:\Java\javafx-sdk-21.0.1;C:\dart-sdk\bin;C:\nodejs\;C:\ProgramData\chocolatey\bin;C:\gradle-8.4\bin;C:\gpg4win-4.2.0\src;C:\Program Files (x86)\Windows Kits\10\Windows Performance Toolkit\;A:\AMS2\M6\BaseX107\BaseX\bin;C:\Program Files\Docker\Docker\resources\bin;C:\Users\compo\AppData\Local\Microsoft\WindowsApps;;A:\Microsoft VS Code\bin;C:\Users\compo\AppData\Roaming\npm;C:\tools\dart-sdk\bin;C:\Users\compo\AppData\Local\Pub\Cache\bin;C:\Users\compo\.dotnet\tools;."/>
    <property name="java.vm.info" value="mixed mode, sharing"/>
    <property name="stderr.encoding" value="UTF-8"/>
    <property name="java.vendor" value="Oracle Corporation"/>
    <property name="java.vm.version" value="21.0.1+12-LTS-29"/>
    <property name="sun.io.unicode.encoding" value="UnicodeLittle"/>
    <property name="java.class.version" value="65.0"/>
  </properties>
  <testcase name="testReadFileContent" classname="cat.iesesteveterradas.MainTest" time="0.019"/>
</testsuite>